2022-10-30 02:46:42,665 [INFO] Activator:177 - 


2022-10-30 02:46:42,666 [INFO] Activator:178 - !SESSION log4j initialized
2022-10-30 02:46:44,182 [ERROR] LogOutputStream:74 - [STDERR_REDIRECT] 
2022-10-30 02:47:07,441 [ERROR] LogOutputStream:74 - [STDERR_REDIRECT] SLF4J: Failed to load class "org.slf4j.impl.StaticLoggerBinder".
2022-10-30 02:47:07,442 [ERROR] LogOutputStream:74 - [STDERR_REDIRECT] SLF4J: Defaulting to no-operation (NOP) logger implementation
2022-10-30 02:47:07,443 [ERROR] LogOutputStream:74 - [STDERR_REDIRECT] SLF4J: See http://www.slf4j.org/codes.html#StaticLoggerBinder for further details.
2022-10-30 02:49:48,615 [INFO] Activator:177 - 


2022-10-30 02:49:48,616 [INFO] Activator:178 - !SESSION log4j initialized
2022-10-30 02:49:51,333 [ERROR] LogOutputStream:74 - [STDERR_REDIRECT] 
2022-10-30 02:50:14,514 [ERROR] LogOutputStream:74 - [STDERR_REDIRECT] SLF4J: Failed to load class "org.slf4j.impl.StaticLoggerBinder".
2022-10-30 02:50:14,515 [ERROR] LogOutputStream:74 - [STDERR_REDIRECT] SLF4J: Defaulting to no-operation (NOP) logger implementation
2022-10-30 02:50:14,515 [ERROR] LogOutputStream:74 - [STDERR_REDIRECT] SLF4J: See http://www.slf4j.org/codes.html#StaticLoggerBinder for further details.
2022-11-02 19:13:08,848 [INFO] Activator:177 - 


2022-11-02 19:13:08,849 [INFO] Activator:178 - !SESSION log4j initialized
2022-11-02 19:13:13,652 [ERROR] LogOutputStream:74 - [STDERR_REDIRECT] 
2022-11-02 19:13:38,410 [ERROR] LogOutputStream:74 - [STDERR_REDIRECT] SLF4J: Failed to load class "org.slf4j.impl.StaticLoggerBinder".
2022-11-02 19:13:38,410 [ERROR] LogOutputStream:74 - [STDERR_REDIRECT] SLF4J: Defaulting to no-operation (NOP) logger implementation
2022-11-02 19:13:38,411 [ERROR] LogOutputStream:74 - [STDERR_REDIRECT] SLF4J: See http://www.slf4j.org/codes.html#StaticLoggerBinder for further details.
2022-11-03 16:15:56,773 [INFO] Activator:177 - 


2022-11-03 16:15:56,774 [INFO] Activator:178 - !SESSION log4j initialized
2022-11-03 16:16:01,382 [ERROR] LogOutputStream:74 - [STDERR_REDIRECT] 
2022-11-03 16:16:25,564 [ERROR] LogOutputStream:74 - [STDERR_REDIRECT] SLF4J: Failed to load class "org.slf4j.impl.StaticLoggerBinder".
2022-11-03 16:16:25,565 [ERROR] LogOutputStream:74 - [STDERR_REDIRECT] SLF4J: Defaulting to no-operation (NOP) logger implementation
2022-11-03 16:16:25,565 [ERROR] LogOutputStream:74 - [STDERR_REDIRECT] SLF4J: See http://www.slf4j.org/codes.html#StaticLoggerBinder for further details.
2022-11-04 21:08:56,956 [INFO] Activator:177 - 


2022-11-04 21:08:56,959 [INFO] Activator:178 - !SESSION log4j initialized
2022-11-04 21:09:01,022 [ERROR] LogOutputStream:74 - [STDERR_REDIRECT] 
2022-11-04 21:09:25,811 [ERROR] LogOutputStream:74 - [STDERR_REDIRECT] SLF4J: Failed to load class "org.slf4j.impl.StaticLoggerBinder".
2022-11-04 21:09:25,812 [ERROR] LogOutputStream:74 - [STDERR_REDIRECT] SLF4J: Defaulting to no-operation (NOP) logger implementation
2022-11-04 21:09:25,812 [ERROR] LogOutputStream:74 - [STDERR_REDIRECT] SLF4J: See http://www.slf4j.org/codes.html#StaticLoggerBinder for further details.
2022-11-05 17:24:22,901 [INFO] Activator:177 - 


2022-11-05 17:24:22,903 [INFO] Activator:178 - !SESSION log4j initialized
2022-11-05 17:24:28,386 [ERROR] LogOutputStream:74 - [STDERR_REDIRECT] 
2022-11-05 17:24:53,133 [ERROR] LogOutputStream:74 - [STDERR_REDIRECT] SLF4J: Failed to load class "org.slf4j.impl.StaticLoggerBinder".
2022-11-05 17:24:53,135 [ERROR] LogOutputStream:74 - [STDERR_REDIRECT] SLF4J: Defaulting to no-operation (NOP) logger implementation
2022-11-05 17:24:53,136 [ERROR] LogOutputStream:74 - [STDERR_REDIRECT] SLF4J: See http://www.slf4j.org/codes.html#StaticLoggerBinder for further details.
2022-11-06 00:59:32,790 [INFO] Activator:177 - 


2022-11-06 00:59:32,792 [INFO] Activator:178 - !SESSION log4j initialized
2022-11-06 00:59:38,356 [ERROR] LogOutputStream:74 - [STDERR_REDIRECT] 
2022-11-06 01:00:02,760 [ERROR] LogOutputStream:74 - [STDERR_REDIRECT] SLF4J: Failed to load class "org.slf4j.impl.StaticLoggerBinder".
2022-11-06 01:00:02,761 [ERROR] LogOutputStream:74 - [STDERR_REDIRECT] SLF4J: Defaulting to no-operation (NOP) logger implementation
2022-11-06 01:00:02,761 [ERROR] LogOutputStream:74 - [STDERR_REDIRECT] SLF4J: See http://www.slf4j.org/codes.html#StaticLoggerBinder for further details.
2022-11-07 17:13:07,290 [INFO] Activator:177 - 


2022-11-07 17:13:07,292 [INFO] Activator:178 - !SESSION log4j initialized
2022-11-07 17:13:12,961 [ERROR] LogOutputStream:74 - [STDERR_REDIRECT] 
2022-11-07 17:13:37,569 [ERROR] LogOutputStream:74 - [STDERR_REDIRECT] SLF4J: Failed to load class "org.slf4j.impl.StaticLoggerBinder".
2022-11-07 17:13:37,570 [ERROR] LogOutputStream:74 - [STDERR_REDIRECT] SLF4J: Defaulting to no-operation (NOP) logger implementation
2022-11-07 17:13:37,570 [ERROR] LogOutputStream:74 - [STDERR_REDIRECT] SLF4J: See http://www.slf4j.org/codes.html#StaticLoggerBinder for further details.
2022-11-07 21:57:03,553 [INFO] Activator:177 - 


2022-11-07 21:57:03,555 [INFO] Activator:178 - !SESSION log4j initialized
2022-11-07 21:57:09,521 [ERROR] LogOutputStream:74 - [STDERR_REDIRECT] 
2022-11-07 21:57:33,769 [ERROR] LogOutputStream:74 - [STDERR_REDIRECT] SLF4J: Failed to load class "org.slf4j.impl.StaticLoggerBinder".
2022-11-07 21:57:33,770 [ERROR] LogOutputStream:74 - [STDERR_REDIRECT] SLF4J: Defaulting to no-operation (NOP) logger implementation
2022-11-07 21:57:33,770 [ERROR] LogOutputStream:74 - [STDERR_REDIRECT] SLF4J: See http://www.slf4j.org/codes.html#StaticLoggerBinder for further details.
2022-11-08 23:18:27,568 [INFO] Activator:177 - 


2022-11-08 23:18:27,570 [INFO] Activator:178 - !SESSION log4j initialized
2022-11-08 23:18:33,381 [ERROR] LogOutputStream:74 - [STDERR_REDIRECT] 
2022-11-08 23:18:58,038 [ERROR] LogOutputStream:74 - [STDERR_REDIRECT] SLF4J: Failed to load class "org.slf4j.impl.StaticLoggerBinder".
2022-11-08 23:18:58,039 [ERROR] LogOutputStream:74 - [STDERR_REDIRECT] SLF4J: Defaulting to no-operation (NOP) logger implementation
2022-11-08 23:18:58,039 [ERROR] LogOutputStream:74 - [STDERR_REDIRECT] SLF4J: See http://www.slf4j.org/codes.html#StaticLoggerBinder for further details.
2022-11-09 23:43:39,105 [INFO] Activator:177 - 


2022-11-09 23:43:39,106 [INFO] Activator:178 - !SESSION log4j initialized
2022-11-09 23:43:45,488 [ERROR] LogOutputStream:74 - [STDERR_REDIRECT] 
2022-11-09 23:44:10,330 [ERROR] LogOutputStream:74 - [STDERR_REDIRECT] SLF4J: Failed to load class "org.slf4j.impl.StaticLoggerBinder".
2022-11-09 23:44:10,331 [ERROR] LogOutputStream:74 - [STDERR_REDIRECT] SLF4J: Defaulting to no-operation (NOP) logger implementation
2022-11-09 23:44:10,331 [ERROR] LogOutputStream:74 - [STDERR_REDIRECT] SLF4J: See http://www.slf4j.org/codes.html#StaticLoggerBinder for further details.
